16:40:01: Creating resource group General
16:40:01: Creating resource group Internal
16:40:01: Creating resource group Autodetect
16:40:01: SceneManagerFactory for type 'DefaultSceneManager' registered.
16:40:01: Registering ResourceManager for type Material
16:40:01: Registering ResourceManager for type Mesh
16:40:01: Registering ResourceManager for type Skeleton
16:40:01: MovableObjectFactory for type 'ParticleSystem' registered.
16:40:01: OverlayElementFactory for type Panel registered.
16:40:01: OverlayElementFactory for type BorderPanel registered.
16:40:01: OverlayElementFactory for type TextArea registered.
16:40:01: Registering ResourceManager for type Font
16:40:01: ArchiveFactory for archive type FileSystem registered.
16:40:01: ArchiveFactory for archive type Zip registered.
16:40:01: FreeImage version: 3.10.0
16:40:01: This program uses FreeImage, a free, open source image library supporting all common bitmap formats. See http://freeimage.sourceforge.net for details
16:40:01: Supported formats: bmp,ico,jpg,jif,jpeg,jpe,jng,koa,iff,lbm,mng,pbm,pbm,pcd,pcx,pgm,pgm,png,ppm,ppm,ras,tga,targa,tif,tiff,wap,wbmp,wbm,psd,cut,xbm,xpm,gif,hdr,g3,sgi,exr,j2k,j2c,jp2
16:40:01: DDS codec registering
16:40:01: Registering ResourceManager for type HighLevelGpuProgram
16:40:01: Registering ResourceManager for type Compositor
16:40:01: MovableObjectFactory for type 'Entity' registered.
16:40:01: MovableObjectFactory for type 'Light' registered.
16:40:01: MovableObjectFactory for type 'BillboardSet' registered.
16:40:01: MovableObjectFactory for type 'ManualObject' registered.
16:40:01: MovableObjectFactory for type 'BillboardChain' registered.
16:40:01: MovableObjectFactory for type 'RibbonTrail' registered.
16:40:01: Loading library .\RenderSystem_Direct3D9
16:40:02: Installing plugin: D3D9 RenderSystem
16:40:02: D3D9 : Direct3D9 Rendering Subsystem created.
16:40:02: D3D9: Driver Detection Starts
16:40:02: D3D9: Driver Detection Ends
16:40:02: Plugin successfully installed
16:40:02: Loading library .\RenderSystem_GL
16:40:02: Installing plugin: GL RenderSystem
16:40:02: OpenGL Rendering Subsystem created.
16:40:02: Plugin successfully installed
16:40:02: Loading library .\Plugin_ParticleFX
16:40:02: Installing plugin: ParticleFX
16:40:02: Particle Emitter Type 'Point' registered
16:40:02: Particle Emitter Type 'Box' registered
16:40:02: Particle Emitter Type 'Ellipsoid' registered
16:40:02: Particle Emitter Type 'Cylinder' registered
16:40:02: Particle Emitter Type 'Ring' registered
16:40:02: Particle Emitter Type 'HollowEllipsoid' registered
16:40:02: Particle Affector Type 'LinearForce' registered
16:40:02: Particle Affector Type 'ColourFader' registered
16:40:02: Particle Affector Type 'ColourFader2' registered
16:40:02: Particle Affector Type 'ColourImage' registered
16:40:02: Particle Affector Type 'ColourInterpolator' registered
16:40:02: Particle Affector Type 'Scaler' registered
16:40:02: Particle Affector Type 'Rotator' registered
16:40:02: Particle Affector Type 'DirectionRandomiser' registered
16:40:02: Particle Affector Type 'DeflectorPlane' registered
16:40:02: Plugin successfully installed
16:40:02: Loading library .\Plugin_BSPSceneManager
16:40:02: Installing plugin: BSP Scene Manager
16:40:02: Plugin successfully installed
16:40:02: Loading library .\Plugin_CgProgramManager
16:40:02: Installing plugin: Cg Program Manager
16:40:02: Plugin successfully installed
16:40:02: Loading library .\Plugin_PCZSceneManager.dll
16:40:02: Installing plugin: Portal Connected Zone Scene Manager
16:40:02: PCZone Factory Type 'ZoneType_Default' registered
16:40:02: Plugin successfully installed
16:40:02: Loading library .\Plugin_OctreeZone.dll
16:40:02: Installing plugin: Octree Zone Factory
16:40:02: Plugin successfully installed
16:40:02: Loading library .\Plugin_OctreeSceneManager
16:40:02: Installing plugin: Octree & Terrain Scene Manager
16:40:02: Plugin successfully installed
16:40:02: *-*-* OGRE Initialising
16:40:02: *-*-* Version 1.6.2 (Shoggoth)
16:40:02: Creating resource group Bootstrap
16:40:02: Added resource location './media/packs/OgreCore.zip' of type 'Zip' to resource group 'Bootstrap'
16:40:02: Added resource location './media' of type 'FileSystem' to resource group 'General'
16:40:02: Added resource location './media/fonts' of type 'FileSystem' to resource group 'General'
16:40:02: Added resource location './media/materials/programs' of type 'FileSystem' to resource group 'General'
16:40:02: Added resource location './media/materials/scripts' of type 'FileSystem' to resource group 'General'
16:40:02: Added resource location './media/materials/textures' of type 'FileSystem' to resource group 'General'
16:40:02: Added resource location './media/models' of type 'FileSystem' to resource group 'General'
16:40:02: Added resource location './media/overlays' of type 'FileSystem' to resource group 'General'
16:40:02: Added resource location './media/particle' of type 'FileSystem' to resource group 'General'
16:40:02: Added resource location './media/gui' of type 'FileSystem' to resource group 'General'
16:40:02: Added resource location './media/DeferredShadingMedia' of type 'FileSystem' to resource group 'General'
16:40:02: Added resource location './media/PCZAppMedia' of type 'FileSystem' to resource group 'General'
16:40:02: Added resource location './media/packs/cubemap.zip' of type 'Zip' to resource group 'General'
16:40:02: Added resource location './media/packs/cubemapsJS.zip' of type 'Zip' to resource group 'General'
16:40:02: Added resource location './media/packs/dragon.zip' of type 'Zip' to resource group 'General'
16:40:02: Added resource location './media/packs/fresneldemo.zip' of type 'Zip' to resource group 'General'
16:40:02: Added resource location './media/packs/ogretestmap.zip' of type 'Zip' to resource group 'General'
16:40:02: Added resource location './media/packs/skybox.zip' of type 'Zip' to resource group 'General'
16:40:02: D3D9 : RenderSystem Option: Allow NVPerfHUD = No
16:40:02: D3D9 : RenderSystem Option: Anti aliasing = None
16:40:02: D3D9 : RenderSystem Option: Floating-point mode = Fastest
16:40:02: D3D9 : RenderSystem Option: Full Screen = Yes
16:40:02: D3D9 : RenderSystem Option: Rendering Device = NVIDIA Quadro FX 1400
16:40:02: D3D9 : RenderSystem Option: VSync = No
16:40:02: D3D9 : RenderSystem Option: Video Mode = 640 x 480 @ 32-bit colour
16:40:02: D3D9 : RenderSystem Option: sRGB Gamma Conversion = No
16:40:04: CPU Identifier & Features
16:40:04: -------------------------
16:40:04:  *   CPU ID: GenuineIntel: Intel(R) Pentium(R) D CPU 2.80GHz
16:40:04:  *      SSE: yes
16:40:04:  *     SSE2: yes
16:40:04:  *     SSE3: yes
16:40:04:  *      MMX: yes
16:40:04:  *   MMXEXT: yes
16:40:04:  *    3DNOW: no
16:40:04:  * 3DNOWEXT: no
16:40:04:  *     CMOV: yes
16:40:04:  *      TSC: yes
16:40:04:  *      FPU: yes
16:40:04:  *      PRO: yes
16:40:04:  *       HT: yes
16:40:04: -------------------------
16:40:04: *** Starting Win32GL Subsystem ***
16:40:04: GLRenderSystem::_createRenderWindow "OGRE Render Window", 640x480 fullscreen  miscParams: FSAA=0 colourDepth=32 displayFrequency=100 gamma=false vsync=false 
16:40:04: Created Win32Window 'OGRE Render Window' : 640x480, 32bpp
16:40:05: GL_VERSION = 2.1.2
16:40:05: GL_VENDOR = NVIDIA Corporation
16:40:05: GL_RENDERER = Quadro FX 1400/PCI/SSE2
16:40:05: GL_EXTENSIONS = GL_ARB_color_buffer_float GL_ARB_depth_texture GL_ARB_draw_buffers GL_ARB_fragment_program GL_ARB_fragment_program_shadow GL_ARB_fragment_shader GL_ARB_half_float_pixel GL_ARB_half_float_vertex GL_ARB_framebuffer_object GL_ARB_imaging GL_ARB_map_buffer_range GL_ARB_multisample GL_ARB_multitexture GL_ARB_occlusion_query GL_ARB_pixel_buffer_object GL_ARB_point_parameters GL_ARB_point_sprite GL_ARB_shadow GL_ARB_shader_objects GL_ARB_shading_language_100 GL_ARB_texture_border_clamp GL_ARB_texture_compression GL_ARB_texture_cube_map GL_ARB_texture_env_add GL_ARB_texture_env_combine GL_ARB_texture_env_dot3 GL_ARB_texture_float GL_ARB_texture_mirrored_repeat GL_ARB_texture_non_power_of_two GL_ARB_texture_rectangle GL_ARB_transpose_matrix GL_ARB_vertex_array_object GL_ARB_vertex_buffer_object GL_ARB_vertex_program GL_ARB_vertex_shader GL_ARB_window_pos GL_ATI_draw_buffers GL_ATI_texture_float GL_ATI_texture_mirror_once GL_S3_s3tc GL_EXT_texture_env_add GL_EXT_abgr GL_EXT_bgra GL_EXT_blend_color GL_EXT_blend_equation_separate GL_EXT_blend_func_separate GL_EXT_blend_minmax GL_EXT_blend_subtract GL_EXT_compiled_vertex_array GL_EXT_Cg_shader GL_EXT_depth_bounds_test GL_EXT_direct_state_access GL_EXT_draw_range_elements GL_EXT_fog_coord GL_EXT_framebuffer_blit GL_EXT_framebuffer_multisample GL_EXT_framebuffer_object GL_EXT_gpu_program_parameters GL_EXT_multi_draw_arrays GL_EXT_packed_depth_stencil GL_EXT_packed_pixels GL_EXT_pixel_buffer_object GL_EXT_point_parameters GL_EXT_rescale_normal GL_EXT_secondary_color GL_EXT_separate_specular_color GL_EXT_shadow_funcs GL_EXT_stencil_two_side GL_EXT_stencil_wrap GL_EXT_texture3D GL_EXT_texture_compression_s3tc GL_EXT_texture_cube_map GL_EXT_texture_edge_clamp GL_EXT_texture_env_combine GL_EXT_texture_env_dot3 GL_EXT_texture_filter_anisotropic GL_EXT_texture_lod GL_EXT_texture_lod_bias GL_EXT_texture_mirror_clamp GL_EXT_texture_object GL_EXT_texture_sRGB GL_EXT_texture_swizzle GL_EXT_timer_query GL_EXT_vertex_array GL_EXT_vertex_array_bgra GL_IBM_rasterpos_clip GL_IBM_texture_mirrored_repeat GL_KTX_buffer_region GL_NV_blend_square GL_NV_copy_depth_to_color GL_NV_depth_clamp GL_NV_fence GL_NV_float_buffer GL_NV_fog_distance GL_NV_fragment_program GL_NV_fragment_program_option GL_NV_fragment_program2 GL_NV_framebuffer_multisample_coverage GL_NV_half_float GL_NV_light_max_exponent GL_NV_multisample_filter_hint GL_NV_occlusion_query GL_NV_packed_depth_stencil GL_NV_pixel_data_range GL_NV_point_sprite GL_NV_primitive_restart GL_NV_register_combiners GL_NV_register_combiners2 GL_NV_texgen_reflection GL_NV_texture_compression_vtc GL_NV_texture_env_combine4 GL_NV_texture_expand_normal GL_NV_texture_rectangle GL_NV_texture_shader GL_NV_texture_shader2 GL_NV_texture_shader3 GL_NV_vertex_array_range GL_NV_vertex_array_range2 GL_NV_vertex_program GL_NV_vertex_program1_1 GL_NV_vertex_program2 GL_NV_vertex_program2_option GL_NV_vertex_program3 GL_NVX_conditional_render GL_SGIS_generate_mipmap GL_SGIS_texture_lod GL_SGIX_depth_texture GL_SGIX_shadow GL_SUN_slice_accum GL_WIN_swap_hint WGL_EXT_swap_control GL_Autodesk_valid_back_buffer_hint 
16:40:05: Supported WGL extensions: WGL_ARB_buffer_region WGL_ARB_extensions_string WGL_ARB_make_current_read WGL_ARB_multisample WGL_ARB_pbuffer WGL_ARB_pixel_format WGL_ARB_pixel_format_float WGL_ARB_render_texture WGL_ATI_pixel_format_float WGL_EXT_extensions_string WGL_EXT_swap_control WGL_I3D_genlock WGL_NV_float_buffer WGL_NV_gpu_affinity WGL_NV_render_depth_texture WGL_NV_render_texture_rectangle WGL_NV_swap_group 
16:40:05: ***************************
16:40:05: *** GL Renderer Started ***
16:40:05: ***************************
16:40:05: Registering ResourceManager for type GpuProgram
16:40:05: GLSL support detected
16:40:05: GL: Using GL_EXT_framebuffer_object for rendering to textures (best)
16:40:05: FBO PF_UNKNOWN depth/stencil support: D16S0 D24S0 D32S0 Packed-D24S8 
16:40:05: FBO PF_R5G6B5 depth/stencil support: D0S0 D16S0 D24S0 D32S0 Packed-D24S8 
16:40:05: FBO PF_B5G6R5 depth/stencil support: D0S0 D16S0 D24S0 D32S0 Packed-D24S8 
16:40:05: FBO PF_R8G8B8 depth/stencil support: D0S0 D16S0 D24S0 D32S0 Packed-D24S8 
16:40:05: FBO PF_B8G8R8 depth/stencil support: D0S0 D16S0 D24S0 D32S0 Packed-D24S8 
16:40:05: FBO PF_A8R8G8B8 depth/stencil support: D0S0 D16S0 D24S0 D32S0 Packed-D24S8 
16:40:05: FBO PF_B8G8R8A8 depth/stencil support: D0S0 D16S0 D24S0 D32S0 Packed-D24S8 
16:40:05: FBO PF_A2R10G10B10 depth/stencil support: D0S0 D16S0 D24S0 D32S0 Packed-D24S8 
16:40:05: FBO PF_A2B10G10R10 depth/stencil support: D0S0 D16S0 D24S0 D32S0 Packed-D24S8 
16:40:05: FBO PF_FLOAT16_RGB depth/stencil support: D0S0 D16S0 D24S0 D32S0 Packed-D24S8 
16:40:05: FBO PF_FLOAT16_RGBA depth/stencil support: D0S0 D16S0 D24S0 D32S0 Packed-D24S8 
16:40:05: FBO PF_FLOAT32_RGB depth/stencil support: D0S0 D16S0 D24S0 D32S0 Packed-D24S8 
16:40:06: FBO PF_FLOAT32_RGBA depth/stencil support: D0S0 D16S0 D24S0 D32S0 Packed-D24S8 
16:40:06: FBO PF_X8R8G8B8 depth/stencil support: D0S0 D16S0 D24S0 D32S0 Packed-D24S8 
16:40:06: FBO PF_X8B8G8R8 depth/stencil support: D0S0 D16S0 D24S0 D32S0 Packed-D24S8 
16:40:06: FBO PF_SHORT_RGBA depth/stencil support: D0S0 D16S0 D24S0 D32S0 Packed-D24S8 
16:40:06: FBO PF_R3G3B2 depth/stencil support: D0S0 D16S0 D24S0 D32S0 Packed-D24S8 
16:40:06: FBO PF_SHORT_RGB depth/stencil support: D0S0 D16S0 D24S0 D32S0 Packed-D24S8 
16:40:06: [GL] : Valid FBO targets PF_UNKNOWN PF_R5G6B5 PF_B5G6R5 PF_R8G8B8 PF_B8G8R8 PF_A8R8G8B8 PF_B8G8R8A8 PF_A2R10G10B10 PF_A2B10G10R10 PF_FLOAT16_RGB PF_FLOAT16_RGBA PF_FLOAT32_RGB PF_FLOAT32_RGBA PF_X8R8G8B8 PF_X8B8G8R8 PF_SHORT_RGBA PF_R3G3B2 PF_SHORT_RGB 
16:40:06: RenderSystem capabilities
16:40:06: -------------------------
16:40:06: RenderSystem Name: OpenGL Rendering Subsystem
16:40:06: GPU Vendor: nvidia
16:40:06: Device Name: Quadro FX 1400/PCI/SSE2
16:40:06: Driver Version: 2.1.2.0
16:40:06:  * Fixed function pipeline: yes
16:40:06:  * Hardware generation of mipmaps: yes
16:40:06:  * Texture blending: yes
16:40:06:  * Anisotropic texture filtering: yes
16:40:06:  * Dot product texture operation: yes
16:40:06:  * Cube mapping: yes
16:40:06:  * Hardware stencil buffer: yes
16:40:06:    - Stencil depth: 8
16:40:06:    - Two sided stencil support: yes
16:40:06:    - Wrap stencil values: yes
16:40:06:  * Hardware vertex / index buffers: yes
16:40:06:  * Vertex programs: yes
16:40:06:  * Fragment programs: yes
16:40:06:  * Geometry programs: no
16:40:06:  * Supported Shader Profiles: arbfp1 arbvp1 fp20 fp30 fp40 glsl vp30 vp40
16:40:06:  * Texture Compression: yes
16:40:06:    - DXT: yes
16:40:06:    - VTC: yes
16:40:06:  * Scissor Rectangle: yes
16:40:06:  * Hardware Occlusion Query: yes
16:40:06:  * User clip planes: yes
16:40:06:  * VET_UBYTE4 vertex element type: yes
16:40:06:  * Infinite far plane projection: yes
16:40:06:  * Hardware render-to-texture: yes
16:40:06:  * Floating point textures: yes
16:40:06:  * Non-power-of-two textures: yes
16:40:06:  * Volume textures: yes
16:40:06:  * Multiple Render Targets: 4
16:40:06:    - With different bit depths: yes
16:40:06:  * Point Sprites: yes
16:40:06:  * Extended point parameters: yes
16:40:06:  * Max Point Size: 63.375
16:40:06:  * Vertex texture fetch: yes
16:40:06:    - Max vertex textures: 4
16:40:06:    - Vertex textures shared: yes
16:40:06:  * Render to Vertex Buffer : no
16:40:06:  * GL 1.5 without VBO workaround: no
16:40:06:  * Frame Buffer objects: yes
16:40:06:  * Frame Buffer objects (ARB extension): no
16:40:06:  * Frame Buffer objects (ATI extension): no
16:40:06:  * PBuffer suppport: no
16:40:06:  * GL 1.5 without HW-occlusion workaround: no
16:40:06: Registering ResourceManager for type Texture
16:40:06: Using FSAA from GL_ARB_multisample extension.
16:40:06: ResourceBackgroundQueue - threading disabled
16:40:06: Particle Renderer Type 'billboard' registered
16:40:06: SceneManagerFactory for type 'BspSceneManager' registered.
16:40:06: Registering ResourceManager for type BspLevel
16:40:06: SceneManagerFactory for type 'PCZSceneManager' registered.
16:40:06: MovableObjectFactory for type 'PCZLight' registered.
16:40:06: PCZone Factory Type 'ZoneType_Octree' registered
16:40:06: PCZone Factory Type 'ZoneType_Terrain' registered
16:40:06: SceneManagerFactory for type 'OctreeSceneManager' registered.
16:40:06: SceneManagerFactory for type 'TerrainSceneManager' registered.
16:40:06: TerrainSceneManager: Registered a new PageSource for type Heightmap
16:40:06: Parsing scripts for resource group Autodetect
16:40:06: Finished parsing scripts for resource group Autodetect
16:40:06: Parsing scripts for resource group Bootstrap
16:40:06: Parsing script OgreCore.material
16:40:06: Parsing script OgreProfiler.material
16:40:06: Parsing script Ogre.fontdef
16:40:06: Parsing script OgreDebugPanel.overlay
16:40:06: Texture: New_Ogre_Border_Center.png: Loading 1 faces(PF_A8R8G8B8,256x128x1) with 5 generated mipmaps from Image. Internal format is PF_A8R8G8B8,256x128x1.
16:40:06: Texture: New_Ogre_Border.png: Loading 1 faces(PF_A8R8G8B8,256x256x1) with 5 generated mipmaps from Image. Internal format is PF_A8R8G8B8,256x256x1.
16:40:06: Texture: New_Ogre_Border_Break.png: Loading 1 faces(PF_A8R8G8B8,32x32x1) with 5 generated mipmaps from Image. Internal format is PF_A8R8G8B8,32x32x1.
16:40:06: Font BlueHighwayusing texture size 512x512
16:40:06: Info: Freetype returned null for character 127 in font BlueHighway
16:40:06: Info: Freetype returned null for character 128 in font BlueHighway
16:40:06: Info: Freetype returned null for character 129 in font BlueHighway
16:40:06: Info: Freetype returned null for character 130 in font BlueHighway
16:40:06: Info: Freetype returned null for character 131 in font BlueHighway
16:40:06: Info: Freetype returned null for character 132 in font BlueHighway
16:40:06: Info: Freetype returned null for character 133 in font BlueHighway
16:40:06: Info: Freetype returned null for character 134 in font BlueHighway
16:40:06: Info: Freetype returned null for character 135 in font BlueHighway
16:40:06: Info: Freetype returned null for character 136 in font BlueHighway
16:40:06: Info: Freetype returned null for character 137 in font BlueHighway
16:40:06: Info: Freetype returned null for character 138 in font BlueHighway
16:40:06: Info: Freetype returned null for character 139 in font BlueHighway
16:40:06: Info: Freetype returned null for character 140 in font BlueHighway
16:40:06: Info: Freetype returned null for character 141 in font BlueHighway
16:40:06: Info: Freetype returned null for character 142 in font BlueHighway
16:40:06: Info: Freetype returned null for character 143 in font BlueHighway
16:40:06: Info: Freetype returned null for character 144 in font BlueHighway
16:40:06: Info: Freetype returned null for character 145 in font BlueHighway
16:40:06: Info: Freetype returned null for character 146 in font BlueHighway
16:40:06: Info: Freetype returned null for character 147 in font BlueHighway
16:40:06: Info: Freetype returned null for character 148 in font BlueHighway
16:40:06: Info: Freetype returned null for character 149 in font BlueHighway
16:40:06: Info: Freetype returned null for character 150 in font BlueHighway
16:40:06: Info: Freetype returned null for character 151 in font BlueHighway
16:40:06: Info: Freetype returned null for character 152 in font BlueHighway
16:40:06: Info: Freetype returned null for character 153 in font BlueHighway
16:40:06: Info: Freetype returned null for character 154 in font BlueHighway
16:40:06: Info: Freetype returned null for character 155 in font BlueHighway
16:40:06: Info: Freetype returned null for character 156 in font BlueHighway
16:40:06: Info: Freetype returned null for character 157 in font BlueHighway
16:40:06: Info: Freetype returned null for character 158 in font BlueHighway
16:40:06: Info: Freetype returned null for character 159 in font BlueHighway
16:40:06: Info: Freetype returned null for character 160 in font BlueHighway
16:40:06: Texture: BlueHighwayTexture: Loading 1 faces(PF_BYTE_LA,512x512x1) with 0 generated mipmaps from Image. Internal format is PF_BYTE_LA,512x512x1.
16:40:06: Texture: ogretext.png: Loading 1 faces(PF_A8R8G8B8,256x128x1) with 5 generated mipmaps from Image. Internal format is PF_A8R8G8B8,256x128x1.
16:40:06: Parsing script OgreLoadingPanel.overlay
16:40:06: Finished parsing scripts for resource group Bootstrap
16:40:06: Parsing scripts for resource group General
16:40:06: Parsing script deferred.glsl.program
16:40:06: GLSL compiling: DeferredShading/material/glsl/ps
16:40:06: GLSL compiled : DeferredShading/material/glsl/ps
16:40:06: GLSL compiling: DeferredShading/material/glsl/notex_ps
16:40:06: GLSL compiled : DeferredShading/material/glsl/notex_ps
16:40:06: GLSL compiling: DeferredShading/material/glsl/nm_ps
16:40:06: GLSL compiled : DeferredShading/material/glsl/nm_ps
16:40:06: GLSL compiling: DeferredShading/material/glsl/nm_notex_ps
16:40:06: GLSL compiled : DeferredShading/material/glsl/nm_notex_ps
16:40:06: Parsing script deferred.hlsl.program
16:40:06: Parsing script deferred.program
16:40:06: GLSL compiling: DeferredShading/material/glsl/ps
16:40:06: GLSL compiled : DeferredShading/material/glsl/ps
16:40:06: GLSL compiling: DeferredShading/material/glsl/notex_ps
16:40:06: GLSL compiled : DeferredShading/material/glsl/notex_ps
16:40:06: GLSL compiling: DeferredShading/material/glsl/nm_ps
16:40:06: GLSL compiled : DeferredShading/material/glsl/nm_ps
16:40:06: GLSL compiling: DeferredShading/material/glsl/nm_notex_ps
16:40:06: GLSL compiled : DeferredShading/material/glsl/nm_notex_ps
16:40:06: Parsing script deferred_post_ambient.program
16:40:06: GLSL compiling: DeferredShading/post/glsl/Ambient_ps
16:40:06: GLSL compiled : DeferredShading/post/glsl/Ambient_ps
16:40:06: Parsing script deferred_post_debug.glsl.program
16:40:06: GLSL compiling: DeferredShading/post/glsl/ShowNormal_ps
16:40:06: GLSL compiled : DeferredShading/post/glsl/ShowNormal_ps
16:40:06: GLSL compiling: DeferredShading/post/glsl/ShowDS_ps
16:40:06: GLSL compiled : DeferredShading/post/glsl/ShowDS_ps
16:40:06: GLSL compiling: DeferredShading/post/glsl/ShowColour_ps
16:40:06: GLSL compiled : DeferredShading/post/glsl/ShowColour_ps
16:40:06: Parsing script deferred_post_debug.hlsl.program
16:40:06: Parsing script deferred_post_debug.program
16:40:06: GLSL compiling: DeferredShading/post/glsl/ShowNormal_ps
16:40:06: GLSL compiled : DeferredShading/post/glsl/ShowNormal_ps
16:40:06: GLSL compiling: DeferredShading/post/glsl/ShowDS_ps
16:40:06: GLSL compiled : DeferredShading/post/glsl/ShowDS_ps
16:40:06: GLSL compiling: DeferredShading/post/glsl/ShowColour_ps
16:40:06: GLSL compiled : DeferredShading/post/glsl/ShowColour_ps
16:40:06: Parsing script deferred_post_minilight.glsl.program
16:40:06: GLSL compiling: DeferredShading/post/glsl/LightMaterial_vs
16:40:06: GLSL compiled : DeferredShading/post/glsl/LightMaterial_vs
16:40:06: GLSL compiling: DeferredShading/post/glsl/LightMaterial_ps
16:40:06: GLSL compiled : DeferredShading/post/glsl/LightMaterial_ps
16:40:06: Parsing script deferred_post_minilight.hlsl.program
16:40:06: Parsing script deferred_post_minilight.program
16:40:06: GLSL compiling: DeferredShading/post/glsl/LightMaterial_vs
16:40:06: GLSL compiled : DeferredShading/post/glsl/LightMaterial_vs
16:40:06: GLSL compiling: DeferredShading/post/glsl/LightMaterial_ps
16:40:06: GLSL compiled : DeferredShading/post/glsl/LightMaterial_ps
16:40:06: Parsing script deferred_post_multipass.glsl.program
16:40:06: GLSL compiling: DeferredShading/post/glsl/Ambient_ps
16:40:06: GLSL compiled : DeferredShading/post/glsl/Ambient_ps
16:40:06: GLSL compiling: DeferredShading/post/glsl/GlobalLight_ps
16:40:06: GLSL compiled : DeferredShading/post/glsl/GlobalLight_ps
16:40:06: Parsing script deferred_post_multipass.hlsl.program
16:40:06: Parsing script deferred_post_onepass.glsl.program
16:40:06: GLSL compiling: DeferredShading/post/glsl/vs
16:40:06: GLSL compiled : DeferredShading/post/glsl/vs
16:40:06: GLSL compiling: DeferredShading/post/glsl/SinglePass_ps
16:40:06: GLSL compiled : DeferredShading/post/glsl/SinglePass_ps
16:40:06: Parsing script deferred_post_onepass.hlsl.program
16:40:06: Parsing script deferred_post_vs.program
16:40:06: GLSL compiling: DeferredShading/post/glsl/vs
16:40:06: GLSL compiled : DeferredShading/post/glsl/vs
16:40:06: Parsing script Ball.material
16:40:06: Parsing script Billiards.material
16:40:06: Parsing script deferred.material
16:40:06: GLSL compiling: DeferredShading/material/glsl/vs
16:40:06: GLSL compiled : DeferredShading/material/glsl/vs
16:40:06: GLSL compiling: DeferredShading/material/glsl/nm_vs
16:40:06: GLSL compiled : DeferredShading/material/glsl/nm_vs
16:40:06: Parsing script deferreddemo.material
16:40:06: Parsing script deferred_post_ambient.material
16:40:06: Parsing script deferred_post_debug.material
16:40:06: Parsing script deferred_post_minilight.material
16:40:06: Parsing script deferred_post_multipass.material
16:40:06: Parsing script deferred_post_onepass.material
16:40:06: Parsing script ROOM.material
16:40:06: Parsing script RomanBath.material
16:40:06: Parsing script emitted_emitter.particle
16:40:06: Parsing script Example-Water.particle
16:40:06: Parsing script Example.particle
16:40:06: Parsing script smoke.particle
16:40:06: Parsing script deferred.compositor
16:40:06: Parsing script sample.fontdef
16:40:06: Parsing script Compositor.overlay
16:40:06: Parsing script DP3.overlay
16:40:06: Parsing script Example-CubeMapping.overlay
16:40:06: Parsing script Example-DynTex.overlay
16:40:06: Parsing script Example-Water.overlay
16:40:06: Parsing script Shadows.overlay
16:40:06: Finished parsing scripts for resource group General
16:40:06: Parsing scripts for resource group Internal
16:40:06: Finished parsing scripts for resource group Internal
16:40:06: Texture: whiteball.bmp: Loading 1 faces(PF_R8G8B8,128x128x1) with 5 generated mipmaps from Image. Internal format is PF_X8R8G8B8,128x128x1.
16:40:06: Texture: ball1.bmp: Loading 1 faces(PF_R8G8B8,128x128x1) with 5 generated mipmaps from Image. Internal format is PF_X8R8G8B8,128x128x1.
16:40:06: Texture: ball2.bmp: Loading 1 faces(PF_R8G8B8,128x128x1) with 5 generated mipmaps from Image. Internal format is PF_X8R8G8B8,128x128x1.
16:40:06: Texture: ball3.bmp: Loading 1 faces(PF_R8G8B8,128x128x1) with 5 generated mipmaps from Image. Internal format is PF_X8R8G8B8,128x128x1.
16:40:06: Texture: ball4.bmp: Loading 1 faces(PF_R8G8B8,128x128x1) with 5 generated mipmaps from Image. Internal format is PF_X8R8G8B8,128x128x1.
16:40:06: Texture: ball5.bmp: Loading 1 faces(PF_R8G8B8,128x128x1) with 5 generated mipmaps from Image. Internal format is PF_X8R8G8B8,128x128x1.
16:40:06: Texture: ball6.bmp: Loading 1 faces(PF_R8G8B8,128x128x1) with 5 generated mipmaps from Image. Internal format is PF_X8R8G8B8,128x128x1.
16:40:06: Texture: ball7.bmp: Loading 1 faces(PF_R8G8B8,128x128x1) with 5 generated mipmaps from Image. Internal format is PF_X8R8G8B8,128x128x1.
16:40:06: Texture: ball8.bmp: Loading 1 faces(PF_R8G8B8,128x128x1) with 5 generated mipmaps from Image. Internal format is PF_X8R8G8B8,128x128x1.
16:40:06: Texture: ball9.bmp: Loading 1 faces(PF_R8G8B8,128x128x1) with 5 generated mipmaps from Image. Internal format is PF_X8R8G8B8,128x128x1.
16:40:06: Mesh: Loading cue.mesh.
16:40:06: WARNING: cue.mesh is an older format ([MeshSerializer_v1.30]); you should upgrade it as soon as possible using the OgreMeshUpgrade tool.
16:40:06: Can't assign material cue2/Material #29 to SubEntity of cue because this Material does not exist. Have you forgotten to define it in a .material script?
16:40:06: Texture: cue.jpg: Loading 1 faces(PF_R8G8B8,256x256x1) with 5 generated mipmaps from Image. Internal format is PF_X8R8G8B8,256x256x1.
16:40:06: Mesh: Loading table1.mesh.
16:40:06: WARNING: table1.mesh is an older format ([MeshSerializer_v1.30]); you should upgrade it as soon as possible using the OgreMeshUpgrade tool.
16:40:06: Can't assign material Test/system to SubEntity of table because this Material does not exist. Have you forgotten to define it in a .material script?
16:40:06: Texture: billiards.png: Loading 1 faces(PF_R8G8B8,256x256x1) with 5 generated mipmaps from Image. Internal format is PF_X8R8G8B8,256x256x1.
16:40:06: Mesh: Loading bas.mesh.
16:40:06: WARNING: bas.mesh is an older format ([MeshSerializer_v1.30]); you should upgrade it as soon as possible using the OgreMeshUpgrade tool.
16:40:06: Can't assign material Test/ARCHMODELS_472 to SubEntity of bas because this Material does not exist. Have you forgotten to define it in a .material script?
16:40:06: Texture: bas.jpg: Loading 1 faces(PF_R8G8B8,256x256x1) with 5 generated mipmaps from Image. Internal format is PF_X8R8G8B8,256x256x1.
16:40:06: Mesh: Loading cube.mesh.
16:40:06: Can't assign material 1 - Default to SubEntity of cussion0 because this Material does not exist. Have you forgotten to define it in a .material script?
16:40:06: Can't assign material 1 - Default to SubEntity of topout because this Material does not exist. Have you forgotten to define it in a .material script?
16:40:06: Texture: wood.jpg: Loading 1 faces(PF_R8G8B8,256x256x1) with 5 generated mipmaps from Image. Internal format is PF_X8R8G8B8,256x256x1.
16:40:06: Can't assign material 1 - Default to SubEntity of cussion1 because this Material does not exist. Have you forgotten to define it in a .material script?
16:40:06: Can't assign material 1 - Default to SubEntity of bottomout because this Material does not exist. Have you forgotten to define it in a .material script?
16:40:06: Can't assign material 1 - Default to SubEntity of cussion2 because this Material does not exist. Have you forgotten to define it in a .material script?
16:40:06: Can't assign material 1 - Default to SubEntity of cussion3 because this Material does not exist. Have you forgotten to define it in a .material script?
16:40:06: Can't assign material 1 - Default to SubEntity of leftout because this Material does not exist. Have you forgotten to define it in a .material script?
16:40:06: Can't assign material 1 - Default to SubEntity of cussion4 because this Material does not exist. Have you forgotten to define it in a .material script?
16:40:06: Can't assign material 1 - Default to SubEntity of cussion5 because this Material does not exist. Have you forgotten to define it in a .material script?
16:40:06: Can't assign material 1 - Default to SubEntity of rightout because this Material does not exist. Have you forgotten to define it in a .material script?
16:40:06: Can't assign material 1 - Default to SubEntity of obstacle because this Material does not exist. Have you forgotten to define it in a .material script?
16:40:06: Texture: red.jpg: Loading 1 faces(PF_R8G8B8,1024x727x1) with 5 generated mipmaps from Image. Internal format is PF_X8R8G8B8,1024x727x1.
16:40:07: Texture: currentPlayer.png: Loading 1 faces(PF_A8R8G8B8,128x128x1) with 5 generated mipmaps from Image. Internal format is PF_A8R8G8B8,128x128x1.
16:40:07: Texture: playerWaiting.png: Loading 1 faces(PF_A8R8G8B8,128x128x1) with 5 generated mipmaps from Image. Internal format is PF_A8R8G8B8,128x128x1.
16:40:07: Texture: spot_shadow_fade.png: Loading 1 faces(PF_R8G8B8,128x128x1) with 5 generated mipmaps from Image. Internal format is PF_X8R8G8B8,128x128x1.
16:42:04: PCZone Factory Type 'ZoneType_Octree' unregistered
16:42:04: PCZone Factory Type 'ZoneType_Terrain' unregistered
16:42:04: Unregistering ResourceManager for type BspLevel
16:42:04: *-*-* OGRE Shutdown
16:42:04: Unregistering ResourceManager for type Compositor
16:42:04: Unregistering ResourceManager for type Font
16:42:04: Unregistering ResourceManager for type Skeleton
16:42:04: Unregistering ResourceManager for type Mesh
16:42:04: Unregistering ResourceManager for type HighLevelGpuProgram
16:42:04: Uninstalling plugin: Octree & Terrain Scene Manager
16:42:04: Plugin successfully uninstalled
16:42:04: Unloading library .\Plugin_OctreeSceneManager
16:42:04: Uninstalling plugin: Octree Zone Factory
16:42:04: Plugin successfully uninstalled
16:42:04: Unloading library .\Plugin_OctreeZone.dll
16:42:04: Uninstalling plugin: Portal Connected Zone Scene Manager
16:42:04: Plugin successfully uninstalled
16:42:04: Unloading library .\Plugin_PCZSceneManager.dll
16:42:04: Uninstalling plugin: Cg Program Manager
16:42:04: Plugin successfully uninstalled
16:42:04: Unloading library .\Plugin_CgProgramManager
16:42:04: Uninstalling plugin: BSP Scene Manager
16:42:04: Plugin successfully uninstalled
16:42:04: Unloading library .\Plugin_BSPSceneManager
16:42:04: Uninstalling plugin: ParticleFX
16:42:04: Plugin successfully uninstalled
16:42:04: Unloading library .\Plugin_ParticleFX
16:42:04: Uninstalling plugin: GL RenderSystem
16:42:05: Unregistering ResourceManager for type GpuProgram
16:42:05: *** Stopping Win32GL Subsystem ***
16:42:05: Unregistering ResourceManager for type Texture
16:42:05: Plugin successfully uninstalled
16:42:05: Unloading library .\RenderSystem_GL
16:42:05: Uninstalling plugin: D3D9 RenderSystem
16:42:05: D3D9 : Shutting down cleanly.
16:42:05: D3D9 : Direct3D9 Rendering Subsystem destroyed.
16:42:05: Plugin successfully uninstalled
16:42:05: Unloading library .\RenderSystem_Direct3D9
16:42:05: Unregistering ResourceManager for type Material
